[0.230s] DEBUG:colcon:Command line arguments: ['/usr/bin/colcon', 'build', '--symlink-install']
[0.230s] DEBUG:colcon:Parsed command line arguments: Namespace(log_base=None, log_level=None, verb_name='build', build_base='build', install_base='install', merge_install=False, symlink_install=True, test_result_base=None, continue_on_error=False, executor='parallel', parallel_workers=32, event_handlers=None, ignore_user_meta=False, metas=['./colcon.meta'], base_paths=['.'], packages_ignore=None, packages_ignore_regex=None, paths=None, packages_up_to=None, packages_up_to_regex=None, packages_above=None, packages_above_and_dependencies=None, packages_above_depth=None, packages_select_by_dep=None, packages_skip_by_dep=None, packages_skip_up_to=None, packages_select_build_failed=False, packages_skip_build_finished=False, packages_select_test_failures=False, packages_skip_test_passed=False, packages_select=None, packages_skip=None, packages_select_regex=None, packages_skip_regex=None, packages_start=None, packages_end=None, allow_overriding=[], cmake_args=None, cmake_target=None, cmake_target_skip_unavailable=False, cmake_clean_cache=False, cmake_clean_first=False, cmake_force_configure=False, ament_cmake_args=None, catkin_cmake_args=None, catkin_skip_building_tests=False, mixin_files=None, mixin=None, verb_parser=<colcon_mixin.mixin.mixin_argument.MixinArgumentDecorator object at 0x7fcc878e1d00>, verb_extension=<colcon_core.verb.build.BuildVerb object at 0x7fcc878e1a60>, main=<bound method BuildVerb.main of <colcon_core.verb.build.BuildVerb object at 0x7fcc878e1a60>>, mixin_verb=('build',))
[0.273s] Level 1:colcon.colcon_core.package_discovery:discover_packages(colcon_meta) check parameters
[0.273s] Level 1:colcon.colcon_core.package_discovery:discover_packages(recursive) check parameters
[0.273s] Level 1:colcon.colcon_core.package_discovery:discover_packages(ignore) check parameters
[0.273s] Level 1:colcon.colcon_core.package_discovery:discover_packages(path) check parameters
[0.274s] Level 1:colcon.colcon_core.package_discovery:discover_packages(colcon_meta) discover
[0.274s] Level 1:colcon.colcon_core.package_discovery:discover_packages(recursive) discover
[0.274s] INFO:colcon.colcon_core.package_discovery:Crawling recursively for packages in '/mnt/c/research/program/ADMM_with_ICNN_on_ROS/my_package'
[0.275s] Level 1:colcon.colcon_core.package_identification:_identify(.) by extensions ['ignore', 'ignore_ament_install']
[0.275s] Level 1:colcon.colcon_core.package_identification:_identify(.) by extension 'ignore'
[0.275s] Level 1:colcon.colcon_core.package_identification:_identify(.) by extension 'ignore_ament_install'
[0.276s] Level 1:colcon.colcon_core.package_identification:_identify(.) by extensions ['colcon_pkg']
[0.276s] Level 1:colcon.colcon_core.package_identification:_identify(.) by extension 'colcon_pkg'
[0.276s] Level 1:colcon.colcon_core.package_identification:_identify(.) by extensions ['colcon_meta']
[0.276s] Level 1:colcon.colcon_core.package_identification:_identify(.) by extension 'colcon_meta'
[0.276s] Level 1:colcon.colcon_core.package_identification:_identify(.) by extensions ['ros']
[0.276s] Level 1:colcon.colcon_core.package_identification:_identify(.) by extension 'ros'
[0.303s] DEBUG:colcon.colcon_core.package_identification:Package '.' with type 'ros.ament_python' and name 'my_package'
[0.303s] Level 1:colcon.colcon_core.package_discovery:discover_packages(recursive) using defaults
[0.303s] Level 1:colcon.colcon_core.package_discovery:discover_packages(ignore) discover
[0.303s] Level 1:colcon.colcon_core.package_discovery:discover_packages(ignore) using defaults
[0.303s] Level 1:colcon.colcon_core.package_discovery:discover_packages(path) discover
[0.304s] Level 1:colcon.colcon_core.package_discovery:discover_packages(path) using defaults
[0.335s] Level 1:colcon.colcon_core.package_discovery:discover_packages(prefix_path) check parameters
[0.336s] Level 1:colcon.colcon_core.package_discovery:discover_packages(prefix_path) discover
[0.337s] WARNING:colcon.colcon_core.prefix_path.colcon:The path '/mnt/c/research/program/ADMM_with_ICNN_on_ROS/install' in the environment variable COLCON_PREFIX_PATH doesn't exist
[0.356s] DEBUG:colcon.colcon_installed_package_information.package_discovery:Found 1 installed packages in /mnt/c/research/program/ADMM_with_ICNN_on_ROS/my_package/install
[0.357s] DEBUG:colcon.colcon_installed_package_information.package_discovery:Found 318 installed packages in /opt/ros/jazzy
[0.357s] Level 1:colcon.colcon_core.package_discovery:discover_packages(prefix_path) using defaults
[0.387s] Level 5:colcon.colcon_core.verb:set package 'my_package' build argument 'cmake_args' from command line to 'None'
[0.387s] Level 5:colcon.colcon_core.verb:set package 'my_package' build argument 'cmake_target' from command line to 'None'
[0.387s] Level 5:colcon.colcon_core.verb:set package 'my_package' build argument 'cmake_target_skip_unavailable' from command line to 'False'
[0.387s] Level 5:colcon.colcon_core.verb:set package 'my_package' build argument 'cmake_clean_cache' from command line to 'False'
[0.387s] Level 5:colcon.colcon_core.verb:set package 'my_package' build argument 'cmake_clean_first' from command line to 'False'
[0.387s] Level 5:colcon.colcon_core.verb:set package 'my_package' build argument 'cmake_force_configure' from command line to 'False'
[0.387s] Level 5:colcon.colcon_core.verb:set package 'my_package' build argument 'ament_cmake_args' from command line to 'None'
[0.388s] Level 5:colcon.colcon_core.verb:set package 'my_package' build argument 'catkin_cmake_args' from command line to 'None'
[0.388s] Level 5:colcon.colcon_core.verb:set package 'my_package' build argument 'catkin_skip_building_tests' from command line to 'False'
[0.388s] DEBUG:colcon.colcon_core.verb:Building package 'my_package' with the following arguments: {'ament_cmake_args': None, 'build_base': '/mnt/c/research/program/ADMM_with_ICNN_on_ROS/my_package/build/my_package', 'catkin_cmake_args': None, 'catkin_skip_building_tests': False, 'cmake_args': None, 'cmake_clean_cache': False, 'cmake_clean_first': False, 'cmake_force_configure': False, 'cmake_target': None, 'cmake_target_skip_unavailable': False, 'install_base': '/mnt/c/research/program/ADMM_with_ICNN_on_ROS/my_package/install/my_package', 'merge_install': False, 'path': '/mnt/c/research/program/ADMM_with_ICNN_on_ROS/my_package', 'symlink_install': True, 'test_result_base': None}
[0.388s] INFO:colcon.colcon_core.executor:Executing jobs using 'parallel' executor
[0.389s] DEBUG:colcon.colcon_parallel_executor.executor.parallel:run_until_complete
[0.389s] INFO:colcon.colcon_ros.task.ament_python.build:Building ROS package in '/mnt/c/research/program/ADMM_with_ICNN_on_ROS/my_package' with build type 'ament_python'
[0.389s] Level 1:colcon.colcon_core.shell:create_environment_hook('my_package', 'ament_prefix_path')
[0.394s] INFO:colcon.colcon_core.plugin_system:Skipping extension 'colcon_core.shell.bat': Not used on non-Windows systems
[0.395s] INFO:colcon.colcon_core.shell:Creating environment hook '/mnt/c/research/program/ADMM_with_ICNN_on_ROS/my_package/install/my_package/share/my_package/hook/ament_prefix_path.ps1'
[0.403s] INFO:colcon.colcon_core.shell:Creating environment descriptor '/mnt/c/research/program/ADMM_with_ICNN_on_ROS/my_package/install/my_package/share/my_package/hook/ament_prefix_path.dsv'
[0.411s] INFO:colcon.colcon_core.shell:Creating environment hook '/mnt/c/research/program/ADMM_with_ICNN_on_ROS/my_package/install/my_package/share/my_package/hook/ament_prefix_path.sh'
[0.419s] INFO:colcon.colcon_core.shell:Skip shell extension 'powershell' for command environment: Not usable outside of PowerShell
[0.419s] DEBUG:colcon.colcon_core.shell:Skip shell extension 'dsv' for command environment
[0.785s] INFO:colcon.colcon_core.task.python.build:Building Python package in '/mnt/c/research/program/ADMM_with_ICNN_on_ROS/my_package'
[0.785s] INFO:colcon.colcon_core.shell:Skip shell extension 'powershell' for command environment: Not usable outside of PowerShell
[0.785s] DEBUG:colcon.colcon_core.shell:Skip shell extension 'dsv' for command environment
[1.675s] DEBUG:colcon.colcon_core.event_handler.log_command:Invoking command in '/mnt/c/research/program/ADMM_with_ICNN_on_ROS/my_package/build/my_package': PS1=(myenv) \[\e]0;\u@\h: \w\a\]${debian_chroot:+($debian_chroot)}\[\033[01;32m\]\u@\h\[\033[00m\]:\[\033[01;34m\]\w\[\033[00m\]\$ PYTHONPATH=/mnt/c/research/program/ADMM_with_ICNN_on_ROS/my_package/build/my_package/prefix_override:/usr/lib/python3/dist-packages/colcon_core/task/python/colcon_distutils_commands:/mnt/c/research/program/ADMM_with_ICNN_on_ROS/my_package/install/my_package/lib/python3.12/site-packages:${PYTHONPATH} VIRTUAL_ENV_PROMPT=(myenv) /usr/bin/python3 -W ignore:setup.py install is deprecated -W ignore:easy_install command is deprecated setup.py develop --editable --build-directory /mnt/c/research/program/ADMM_with_ICNN_on_ROS/my_package/build/my_package/build --no-deps symlink_data
[2.561s] Level 1:colcon.colcon_core.shell:create_environment_hook('my_package', 'pythonpath_develop')
[2.562s] INFO:colcon.colcon_core.shell:Creating environment hook '/mnt/c/research/program/ADMM_with_ICNN_on_ROS/my_package/build/my_package/share/my_package/hook/pythonpath_develop.ps1'
[2.562s] DEBUG:colcon.colcon_core.event_handler.log_command:Invoked command in '/mnt/c/research/program/ADMM_with_ICNN_on_ROS/my_package/build/my_package' returned '0': PS1=(myenv) \[\e]0;\u@\h: \w\a\]${debian_chroot:+($debian_chroot)}\[\033[01;32m\]\u@\h\[\033[00m\]:\[\033[01;34m\]\w\[\033[00m\]\$ PYTHONPATH=/mnt/c/research/program/ADMM_with_ICNN_on_ROS/my_package/build/my_package/prefix_override:/usr/lib/python3/dist-packages/colcon_core/task/python/colcon_distutils_commands:/mnt/c/research/program/ADMM_with_ICNN_on_ROS/my_package/install/my_package/lib/python3.12/site-packages:${PYTHONPATH} VIRTUAL_ENV_PROMPT=(myenv) /usr/bin/python3 -W ignore:setup.py install is deprecated -W ignore:easy_install command is deprecated setup.py develop --editable --build-directory /mnt/c/research/program/ADMM_with_ICNN_on_ROS/my_package/build/my_package/build --no-deps symlink_data
[2.570s] INFO:colcon.colcon_core.shell:Creating environment descriptor '/mnt/c/research/program/ADMM_with_ICNN_on_ROS/my_package/build/my_package/share/my_package/hook/pythonpath_develop.dsv'
[2.578s] INFO:colcon.colcon_core.shell:Creating environment hook '/mnt/c/research/program/ADMM_with_ICNN_on_ROS/my_package/build/my_package/share/my_package/hook/pythonpath_develop.sh'
[2.591s] Level 1:colcon.colcon_core.environment:checking '/mnt/c/research/program/ADMM_with_ICNN_on_ROS/my_package/install/my_package' for CMake module files
[2.624s] Level 1:colcon.colcon_core.environment:checking '/mnt/c/research/program/ADMM_with_ICNN_on_ROS/my_package/install/my_package' for CMake config files
[2.687s] Level 1:colcon.colcon_core.environment:checking '/mnt/c/research/program/ADMM_with_ICNN_on_ROS/my_package/install/my_package/lib'
[2.690s] Level 1:colcon.colcon_core.environment:checking '/mnt/c/research/program/ADMM_with_ICNN_on_ROS/my_package/install/my_package/bin'
[2.690s] Level 1:colcon.colcon_core.environment:checking '/mnt/c/research/program/ADMM_with_ICNN_on_ROS/my_package/install/my_package/lib/pkgconfig/my_package.pc'
[2.691s] Level 1:colcon.colcon_core.environment:checking '/mnt/c/research/program/ADMM_with_ICNN_on_ROS/my_package/install/my_package/lib/python3.12/site-packages'
[2.693s] Level 1:colcon.colcon_core.shell:create_environment_hook('my_package', 'pythonpath')
[2.693s] INFO:colcon.colcon_core.shell:Creating environment hook '/mnt/c/research/program/ADMM_with_ICNN_on_ROS/my_package/install/my_package/share/my_package/hook/pythonpath.ps1'
[2.701s] INFO:colcon.colcon_core.shell:Creating environment descriptor '/mnt/c/research/program/ADMM_with_ICNN_on_ROS/my_package/install/my_package/share/my_package/hook/pythonpath.dsv'
[2.709s] INFO:colcon.colcon_core.shell:Creating environment hook '/mnt/c/research/program/ADMM_with_ICNN_on_ROS/my_package/install/my_package/share/my_package/hook/pythonpath.sh'
[2.716s] Level 1:colcon.colcon_core.environment:checking '/mnt/c/research/program/ADMM_with_ICNN_on_ROS/my_package/install/my_package/bin'
[2.717s] Level 1:colcon.colcon_core.environment:create_environment_scripts_only(my_package)
[2.717s] INFO:colcon.colcon_core.shell:Creating package script '/mnt/c/research/program/ADMM_with_ICNN_on_ROS/my_package/install/my_package/share/my_package/package.ps1'
[2.724s] INFO:colcon.colcon_core.shell:Creating package descriptor '/mnt/c/research/program/ADMM_with_ICNN_on_ROS/my_package/install/my_package/share/my_package/package.dsv'
[2.731s] INFO:colcon.colcon_core.shell:Creating package script '/mnt/c/research/program/ADMM_with_ICNN_on_ROS/my_package/install/my_package/share/my_package/package.sh'
[2.737s] INFO:colcon.colcon_core.shell:Creating package script '/mnt/c/research/program/ADMM_with_ICNN_on_ROS/my_package/install/my_package/share/my_package/package.bash'
[2.743s] INFO:colcon.colcon_core.shell:Creating package script '/mnt/c/research/program/ADMM_with_ICNN_on_ROS/my_package/install/my_package/share/my_package/package.zsh'
[2.750s] Level 1:colcon.colcon_core.environment:create_file_with_runtime_dependencies(/mnt/c/research/program/ADMM_with_ICNN_on_ROS/my_package/install/my_package/share/colcon-core/packages/my_package)
[2.754s] DEBUG:colcon.colcon_parallel_executor.executor.parallel:closing loop
[2.755s] DEBUG:colcon.colcon_parallel_executor.executor.parallel:loop closed
[2.755s] DEBUG:colcon.colcon_parallel_executor.executor.parallel:run_until_complete finished with '0'
[2.755s] DEBUG:colcon.colcon_core.event_reactor:joining thread
[2.794s] INFO:colcon.colcon_core.plugin_system:Skipping extension 'colcon_notification.desktop_notification.notify_send': Could not find 'notify-send'
[2.794s] INFO:colcon.colcon_core.plugin_system:Skipping extension 'colcon_notification.desktop_notification.terminal_notifier': Not used on non-Darwin systems
[2.794s] INFO:colcon.colcon_core.plugin_system:Skipping extension 'colcon_notification.desktop_notification.win32': Not used on non-Windows systems
[2.794s] INFO:colcon.colcon_notification.desktop_notification:Sending desktop notification using 'notify2'
[2.795s] DEBUG:colcon.colcon_notification.desktop_notification.notify2:Failed to initialize notify2: org.freedesktop.DBus.Error.ServiceUnknown: The name org.freedesktop.Notifications was not provided by any .service files
[2.795s] DEBUG:colcon.colcon_core.event_reactor:joined thread
[2.795s] INFO:colcon.colcon_core.shell:Creating prefix script '/mnt/c/research/program/ADMM_with_ICNN_on_ROS/my_package/install/local_setup.ps1'
[2.798s] INFO:colcon.colcon_core.shell:Creating prefix util module '/mnt/c/research/program/ADMM_with_ICNN_on_ROS/my_package/install/_local_setup_util_ps1.py'
[2.801s] INFO:colcon.colcon_core.shell:Creating prefix chain script '/mnt/c/research/program/ADMM_with_ICNN_on_ROS/my_package/install/setup.ps1'
[2.808s] INFO:colcon.colcon_core.shell:Creating prefix script '/mnt/c/research/program/ADMM_with_ICNN_on_ROS/my_package/install/local_setup.sh'
[2.811s] INFO:colcon.colcon_core.shell:Creating prefix util module '/mnt/c/research/program/ADMM_with_ICNN_on_ROS/my_package/install/_local_setup_util_sh.py'
[2.814s] INFO:colcon.colcon_core.shell:Creating prefix chain script '/mnt/c/research/program/ADMM_with_ICNN_on_ROS/my_package/install/setup.sh'
[2.821s] INFO:colcon.colcon_core.shell:Creating prefix script '/mnt/c/research/program/ADMM_with_ICNN_on_ROS/my_package/install/local_setup.bash'
[2.824s] INFO:colcon.colcon_core.shell:Creating prefix chain script '/mnt/c/research/program/ADMM_with_ICNN_on_ROS/my_package/install/setup.bash'
[2.831s] INFO:colcon.colcon_core.shell:Creating prefix script '/mnt/c/research/program/ADMM_with_ICNN_on_ROS/my_package/install/local_setup.zsh'
[2.833s] INFO:colcon.colcon_core.shell:Creating prefix chain script '/mnt/c/research/program/ADMM_with_ICNN_on_ROS/my_package/install/setup.zsh'
