[1.278s] Invoking command in '/mnt/c/research/program/ADMM_with_ICNN_on_ROS/my_package/build/my_package': PS1=(myenv) \[\e]0;\u@\h: \w\a\]${debian_chroot:+($debian_chroot)}\[\033[01;32m\]\u@\h\[\033[00m\]:\[\033[01;34m\]\w\[\033[00m\]\$ PYTHONPATH=/mnt/c/research/program/ADMM_with_ICNN_on_ROS/my_package/build/my_package/prefix_override:/usr/lib/python3/dist-packages/colcon_core/task/python/colcon_distutils_commands:/mnt/c/research/program/ADMM_with_ICNN_on_ROS/my_package/install/my_package/lib/python3.12/site-packages:${PYTHONPATH} VIRTUAL_ENV_PROMPT=(myenv) /usr/bin/python3 -W ignore:setup.py install is deprecated -W ignore:easy_install command is deprecated setup.py develop --editable --build-directory /mnt/c/research/program/ADMM_with_ICNN_on_ROS/my_package/build/my_package/build --no-deps symlink_data --force
[1.690s] running develop
[1.876s] running egg_info
[1.887s] writing my_package.egg-info/PKG-INFO
[1.890s] writing dependency_links to my_package.egg-info/dependency_links.txt
[1.892s] writing entry points to my_package.egg-info/entry_points.txt
[1.894s] writing requirements to my_package.egg-info/requires.txt
[1.895s] writing top-level names to my_package.egg-info/top_level.txt
[1.949s] reading manifest file 'my_package.egg-info/SOURCES.txt'
[1.994s] writing manifest file 'my_package.egg-info/SOURCES.txt'
[2.015s] running build_ext
[2.015s] Creating /mnt/c/research/program/ADMM_with_ICNN_on_ROS/my_package/install/my_package/lib/python3.12/site-packages/my-package.egg-link (link to .)
[2.029s] Installing multi_node_runner script to /mnt/c/research/program/ADMM_with_ICNN_on_ROS/my_package/install/my_package/lib/my_package
[2.043s] 
[2.043s] Installed /mnt/c/research/program/ADMM_with_ICNN_on_ROS/my_package/build/my_package
[2.045s] running symlink_data
[2.059s] symbolically linking /mnt/c/research/program/ADMM_with_ICNN_on_ROS/my_package/build/my_package/resource/my_package -> /mnt/c/research/program/ADMM_with_ICNN_on_ROS/my_package/install/my_package/share/ament_index/resource_index/packages
[2.072s] symbolically linking /mnt/c/research/program/ADMM_with_ICNN_on_ROS/my_package/build/my_package/package.xml -> /mnt/c/research/program/ADMM_with_ICNN_on_ROS/my_package/install/my_package/share/my_package
[2.085s] symbolically linking /mnt/c/research/program/ADMM_with_ICNN_on_ROS/my_package/build/my_package/launch/launcher.py -> /mnt/c/research/program/ADMM_with_ICNN_on_ROS/my_package/install/my_package/share/my_package/launch
[2.117s] Invoked command in '/mnt/c/research/program/ADMM_with_ICNN_on_ROS/my_package/build/my_package' returned '0': PS1=(myenv) \[\e]0;\u@\h: \w\a\]${debian_chroot:+($debian_chroot)}\[\033[01;32m\]\u@\h\[\033[00m\]:\[\033[01;34m\]\w\[\033[00m\]\$ PYTHONPATH=/mnt/c/research/program/ADMM_with_ICNN_on_ROS/my_package/build/my_package/prefix_override:/usr/lib/python3/dist-packages/colcon_core/task/python/colcon_distutils_commands:/mnt/c/research/program/ADMM_with_ICNN_on_ROS/my_package/install/my_package/lib/python3.12/site-packages:${PYTHONPATH} VIRTUAL_ENV_PROMPT=(myenv) /usr/bin/python3 -W ignore:setup.py install is deprecated -W ignore:easy_install command is deprecated setup.py develop --editable --build-directory /mnt/c/research/program/ADMM_with_ICNN_on_ROS/my_package/build/my_package/build --no-deps symlink_data --force
