[1.170s] Invoking command in '/mnt/c/research/program/ADMM_with_ICNN_on_ROS/my_package': PS1=(myenv) \[\e]0;\u@\h: \w\a\]${debian_chroot:+($debian_chroot)}\[\033[01;32m\]\u@\h\[\033[00m\]:\[\033[01;34m\]\w\[\033[00m\]\$ PYTHONPATH=/mnt/c/research/program/ADMM_with_ICNN_on_ROS/my_package/build/my_package/prefix_override:/usr/lib/python3/dist-packages/colcon_core/task/python/colcon_distutils_commands:/mnt/c/research/program/ADMM_with_ICNN_on_ROS/my_package/install/my_package/lib/python3.12/site-packages:${PYTHONPATH} VIRTUAL_ENV_PROMPT=(myenv) /usr/bin/python3 -W ignore:setup.py install is deprecated -W ignore:easy_install command is deprecated setup.py egg_info --egg-base build/my_package build --build-base /mnt/c/research/program/ADMM_with_ICNN_on_ROS/my_package/build/my_package/build install --record /mnt/c/research/program/ADMM_with_ICNN_on_ROS/my_package/build/my_package/install.log --single-version-externally-managed install_data
[1.600s] running egg_info
[1.616s] writing build/my_package/my_package.egg-info/PKG-INFO
[1.620s] writing dependency_links to build/my_package/my_package.egg-info/dependency_links.txt
[1.624s] writing entry points to build/my_package/my_package.egg-info/entry_points.txt
[1.627s] writing requirements to build/my_package/my_package.egg-info/requires.txt
[1.629s] writing top-level names to build/my_package/my_package.egg-info/top_level.txt
[1.683s] reading manifest file 'build/my_package/my_package.egg-info/SOURCES.txt'
[1.734s] writing manifest file 'build/my_package/my_package.egg-info/SOURCES.txt'
[1.736s] running build
[1.737s] running build_py
[1.746s] copying my_package/multi_node_runner.py -> /mnt/c/research/program/ADMM_with_ICNN_on_ROS/my_package/build/my_package/build/lib/my_package
[1.803s] copying my_package/nodes/UserNode.py -> /mnt/c/research/program/ADMM_with_ICNN_on_ROS/my_package/build/my_package/build/lib/my_package/nodes
[1.835s] running install
[1.841s] running install_lib
[1.880s] copying /mnt/c/research/program/ADMM_with_ICNN_on_ROS/my_package/build/my_package/build/lib/my_package/multi_node_runner.py -> /mnt/c/research/program/ADMM_with_ICNN_on_ROS/my_package/install/my_package/lib/python3.12/site-packages/my_package
[1.934s] copying /mnt/c/research/program/ADMM_with_ICNN_on_ROS/my_package/build/my_package/build/lib/my_package/nodes/UserNode.py -> /mnt/c/research/program/ADMM_with_ICNN_on_ROS/my_package/install/my_package/lib/python3.12/site-packages/my_package/nodes
[2.005s] byte-compiling /mnt/c/research/program/ADMM_with_ICNN_on_ROS/my_package/install/my_package/lib/python3.12/site-packages/my_package/multi_node_runner.py to multi_node_runner.cpython-312.pyc
[2.046s] byte-compiling /mnt/c/research/program/ADMM_with_ICNN_on_ROS/my_package/install/my_package/lib/python3.12/site-packages/my_package/nodes/UserNode.py to UserNode.cpython-312.pyc
[2.098s] running install_data
[2.123s] running install_egg_info
[2.143s] removing '/mnt/c/research/program/ADMM_with_ICNN_on_ROS/my_package/install/my_package/lib/python3.12/site-packages/my_package-0.0.0-py3.12.egg-info' (and everything under it)
[2.181s] Copying build/my_package/my_package.egg-info to /mnt/c/research/program/ADMM_with_ICNN_on_ROS/my_package/install/my_package/lib/python3.12/site-packages/my_package-0.0.0-py3.12.egg-info
[2.333s] running install_scripts
[2.504s] Installing multi_node_runner script to /mnt/c/research/program/ADMM_with_ICNN_on_ROS/my_package/install/my_package/lib/my_package
[2.513s] writing list of installed files to '/mnt/c/research/program/ADMM_with_ICNN_on_ROS/my_package/build/my_package/install.log'
[2.532s] Invoked command in '/mnt/c/research/program/ADMM_with_ICNN_on_ROS/my_package' returned '0': PS1=(myenv) \[\e]0;\u@\h: \w\a\]${debian_chroot:+($debian_chroot)}\[\033[01;32m\]\u@\h\[\033[00m\]:\[\033[01;34m\]\w\[\033[00m\]\$ PYTHONPATH=/mnt/c/research/program/ADMM_with_ICNN_on_ROS/my_package/build/my_package/prefix_override:/usr/lib/python3/dist-packages/colcon_core/task/python/colcon_distutils_commands:/mnt/c/research/program/ADMM_with_ICNN_on_ROS/my_package/install/my_package/lib/python3.12/site-packages:${PYTHONPATH} VIRTUAL_ENV_PROMPT=(myenv) /usr/bin/python3 -W ignore:setup.py install is deprecated -W ignore:easy_install command is deprecated setup.py egg_info --egg-base build/my_package build --build-base /mnt/c/research/program/ADMM_with_ICNN_on_ROS/my_package/build/my_package/build install --record /mnt/c/research/program/ADMM_with_ICNN_on_ROS/my_package/build/my_package/install.log --single-version-externally-managed install_data
