[1.116s] Invoking command in '/mnt/c/research/program/ADMM_with_ICNN_on_ROS/my_package': PS1=(myenv) \[\e]0;\u@\h: \w\a\]${debian_chroot:+($debian_chroot)}\[\033[01;32m\]\u@\h\[\033[00m\]:\[\033[01;34m\]\w\[\033[00m\]\$ PYTHONPATH=/mnt/c/research/program/ADMM_with_ICNN_on_ROS/my_package/build/my_package/prefix_override:/usr/lib/python3/dist-packages/colcon_core/task/python/colcon_distutils_commands:/mnt/c/research/program/ADMM_with_ICNN_on_ROS/my_package/install/my_package/lib/python3.12/site-packages:${PYTHONPATH} VIRTUAL_ENV_PROMPT=(myenv) /usr/bin/python3 -W ignore:setup.py install is deprecated -W ignore:easy_install command is deprecated setup.py egg_info --egg-base build/my_package build --build-base /mnt/c/research/program/ADMM_with_ICNN_on_ROS/my_package/build/my_package/build install --record /mnt/c/research/program/ADMM_with_ICNN_on_ROS/my_package/build/my_package/install.log --single-version-externally-managed install_data
[1.528s] running egg_info
[1.543s] writing build/my_package/my_package.egg-info/PKG-INFO
[1.547s] writing dependency_links to build/my_package/my_package.egg-info/dependency_links.txt
[1.550s] writing entry points to build/my_package/my_package.egg-info/entry_points.txt
[1.552s] writing requirements to build/my_package/my_package.egg-info/requires.txt
[1.554s] writing top-level names to build/my_package/my_package.egg-info/top_level.txt
[1.607s] reading manifest file 'build/my_package/my_package.egg-info/SOURCES.txt'
[1.654s] writing manifest file 'build/my_package/my_package.egg-info/SOURCES.txt'
[1.656s] running build
[1.656s] running build_py
[1.676s] copying my_package/PICNN.py -> /mnt/c/research/program/ADMM_with_ICNN_on_ROS/my_package/build/my_package/build/lib/my_package
[1.723s] running install
[1.729s] running install_lib
[1.826s] copying /mnt/c/research/program/ADMM_with_ICNN_on_ROS/my_package/build/my_package/build/lib/my_package/PICNN.py -> /mnt/c/research/program/ADMM_with_ICNN_on_ROS/my_package/install/my_package/lib/python3.12/site-packages/my_package
[1.894s] byte-compiling /mnt/c/research/program/ADMM_with_ICNN_on_ROS/my_package/install/my_package/lib/python3.12/site-packages/my_package/PICNN.py to PICNN.cpython-312.pyc
[1.926s] running install_data
[1.949s] running install_egg_info
[1.970s] removing '/mnt/c/research/program/ADMM_with_ICNN_on_ROS/my_package/install/my_package/lib/python3.12/site-packages/my_package-0.0.0-py3.12.egg-info' (and everything under it)
[2.004s] Copying build/my_package/my_package.egg-info to /mnt/c/research/program/ADMM_with_ICNN_on_ROS/my_package/install/my_package/lib/python3.12/site-packages/my_package-0.0.0-py3.12.egg-info
[2.152s] running install_scripts
[2.301s] Installing multi_node_runner script to /mnt/c/research/program/ADMM_with_ICNN_on_ROS/my_package/install/my_package/lib/my_package
[2.310s] writing list of installed files to '/mnt/c/research/program/ADMM_with_ICNN_on_ROS/my_package/build/my_package/install.log'
[2.326s] Invoked command in '/mnt/c/research/program/ADMM_with_ICNN_on_ROS/my_package' returned '0': PS1=(myenv) \[\e]0;\u@\h: \w\a\]${debian_chroot:+($debian_chroot)}\[\033[01;32m\]\u@\h\[\033[00m\]:\[\033[01;34m\]\w\[\033[00m\]\$ PYTHONPATH=/mnt/c/research/program/ADMM_with_ICNN_on_ROS/my_package/build/my_package/prefix_override:/usr/lib/python3/dist-packages/colcon_core/task/python/colcon_distutils_commands:/mnt/c/research/program/ADMM_with_ICNN_on_ROS/my_package/install/my_package/lib/python3.12/site-packages:${PYTHONPATH} VIRTUAL_ENV_PROMPT=(myenv) /usr/bin/python3 -W ignore:setup.py install is deprecated -W ignore:easy_install command is deprecated setup.py egg_info --egg-base build/my_package build --build-base /mnt/c/research/program/ADMM_with_ICNN_on_ROS/my_package/build/my_package/build install --record /mnt/c/research/program/ADMM_with_ICNN_on_ROS/my_package/build/my_package/install.log --single-version-externally-managed install_data
